{
  "0 debug pnpm:scope": {
    "selected": 1
  },
  "1 error pnpm": {
    "code": "ELIFECYCLE",
    "errno": "ENOENT",
    "syscall": "spawn",
    "file": "sh",
    "pkgid": "demo@0.0.0",
    "stage": "dev",
    "script": "vite",
    "pkgname": "demo",
    "err": {
      "name": "Error",
      "message": "demo@0.0.0 dev: `vite`\nspawn ENOENT",
      "code": "ELIFECYCLE",
      "stack": "Error: demo@0.0.0 dev: `vite`\nspawn ENOENT\n    at ChildProcess.<anonymous> (/Users/richardvancamp/.nvm/versions/node/v14.15.4/pnpm-global/4/node_modules/.pnpm/pnpm@6.2.5/node_modules/pnpm/dist/pnpm.cjs:89015:20)\n    at ChildProcess.emit (events.js:315:20)\n    at maybeClose (internal/child_process.js:1048:16)\n    at Process.ChildProcess._handle.onexit (internal/child_process.js:288:5)"
    }
  }
}